#
# A fatal error has been detected by the Java Runtime Environment:
#
#  EXCEPTION_ACCESS_VIOLATION (0xc0000005) at pc=0x000000006e8f9682, pid=8364, tid=7764
#
# JRE version: Java(TM) SE Runtime Environment (8.0_91-b15) (build 1.8.0_91-b15)
# Java VM: Java HotSpot(TM) 64-Bit Server VM (25.91-b15 mixed mode windows-amd64 compressed oops)
# Problematic frame:
# V  [jvm.dll+0x3f9682]
#
# Failed to write core dump. Minidumps are not enabled by default on client versions of Windows
#
# If you would like to submit a bug report, please visit:
#   http://bugreport.java.com/bugreport/crash.jsp
#

---------------  T H R E A D  ---------------

Current thread (0x0000000015499800):  VMThread [stack: 0x00000000171a0000,0x00000000172a0000] [id=7764]

siginfo: ExceptionCode=0xc0000005, reading address 0xffffffffffffffff

Registers:
RAX=0x00001fffffffec00, RBX=0x00009fffffff9c00, RCX=0x000000006ed12ff0, RDX=0x0000000020011c8f
RSP=0x000000001729f250, RBP=0x000000006ed12ff0, RSI=0x0000000000e90000, RDI=0x0000000020011c8f
R8 =0x0000122224449091, R9 =0x00000000000f8952, R10=0x0000000000003e26, R11=0x00000000000f8980
R12=0x0000000000000016, R13=0x0000000002882c90, R14=0x0000000000000000, R15=0x00000000028927b0
RIP=0x000000006e8f9682, EFLAGS=0x0000000000010a06

Top of Stack: (sp=0x000000001729f250)
0x000000001729f250:   0000000000008021 000000006ed12ff0
0x000000001729f260:   0000000000e90000 000000006e6087a6
0x000000001729f270:   0000000000000016 000000006e637358
0x000000001729f280:   00000000c0600000 0000000002972c10
0x000000001729f290:   000000000000000e 00000000c0600054
0x000000001729f2a0:   00000000028927d0 000000006e8f90a0
0x000000001729f2b0:   0000000000e901b8 0000000000e91388
0x000000001729f2c0:   0000000000e91388 000000001a7b7e70
0x000000001729f2d0:   0000000002972c10 000000006e8fa3ba
0x000000001729f2e0:   0000000000000000 000000006eccb890
0x000000001729f2f0:   000000001a7b7e70 000000001a7b7e70
0x000000001729f300:   000000006eccb890 0000000000000007
0x000000001729f310:   000000006eb2abf0 0000000000000008
0x000000001729f320:   0000000002971b40 0000000000000008
0x000000001729f330:   000000006eb4ca78 000000006eb00100
0x000000001729f340:   000000006eccb890 0000000000863595 

Instructions: (pc=0x000000006e8f9682)
0x000000006e8f9662:   24 20 41 54 48 83 ec 20 48 8b 71 18 48 8b c2 48
0x000000006e8f9672:   8b fa 48 2b 01 48 8b e9 48 c1 e8 13 48 8d 1c 80
0x000000006e8f9682:   44 8b 44 de 1c 8b 44 de 18 4c 8b 24 de 41 81 e0
0x000000006e8f9692:   ff ff ff 07 4c 03 c0 49 81 f8 00 00 01 00 75 09 


Register to memory mapping:

RAX=0x00001fffffffec00 is an unknown value
RBX=0x00009fffffff9c00 is an unknown value
RCX=0x000000006ed12ff0 is an unknown value
RDX=0x0000000020011c8f is an unknown value
RSP=0x000000001729f250 is an unknown value
RBP=0x000000006ed12ff0 is an unknown value
RSI=0x0000000000e90000 is an unknown value
RDI=0x0000000020011c8f is an unknown value
R8 =0x0000122224449091 is an unknown value
R9 =0x00000000000f8952 is an unknown value
R10=0x0000000000003e26 is an unknown value
R11=0x00000000000f8980 is an unknown value
R12=0x0000000000000016 is an unknown value
R13=0x0000000002882c90 is an unknown value
R14=0x0000000000000000 is an unknown value
R15=0x00000000028927b0 is an unknown value


Stack: [0x00000000171a0000,0x00000000172a0000],  sp=0x000000001729f250,  free space=1020k
Native frames: (J=compiled Java code, j=interpreted, Vv=VM code, C=native code)
V  [jvm.dll+0x3f9682]
V  [jvm.dll+0x137358]
V  [jvm.dll+0x3f90a0]
V  [jvm.dll+0x3fa3ba]
V  [jvm.dll+0x3fb3cf]
V  [jvm.dll+0x3ff33f]
V  [jvm.dll+0x3eef44]
V  [jvm.dll+0x401606]
V  [jvm.dll+0x24a0e7]
V  [jvm.dll+0x249386]
V  [jvm.dll+0x249821]
V  [jvm.dll+0x249a3e]
V  [jvm.dll+0x29a99a]
C  [msvcr100.dll+0x21d9f]
C  [msvcr100.dll+0x21e3b]
C  [KERNEL32.DLL+0x8364]
C  [ntdll.dll+0x65e91]

VM_Operation (0x000000001839e500): ParallelGCFailedAllocation, mode: safepoint, requested by thread 0x00000000176c2000


---------------  P R O C E S S  ---------------

Java Threads: ( => current thread )
  0x00000000176f2000 JavaThread "pool-2-thread-4" [_thread_blocked, id=5804, stack(0x00000000184a0000,0x00000000185a0000)]
  0x00000000176c3000 JavaThread "pool-2-thread-3" [_thread_blocked, id=7524, stack(0x00000000183a0000,0x00000000184a0000)]
  0x00000000176c2000 JavaThread "pool-2-thread-2" [_thread_blocked, id=7172, stack(0x00000000182a0000,0x00000000183a0000)]
  0x0000000017695800 JavaThread "pool-3-thread-1" [_thread_blocked, id=4460, stack(0x00000000181a0000,0x00000000182a0000)]
  0x0000000017693000 JavaThread "pool-2-thread-1" [_thread_blocked, id=3108, stack(0x00000000180a0000,0x00000000181a0000)]
  0x0000000017443800 JavaThread "Service Thread" daemon [_thread_blocked, id=8640, stack(0x0000000017ea0000,0x0000000017fa0000)]
  0x0000000017433800 JavaThread "C1 CompilerThread3" daemon [_thread_blocked, id=6208, stack(0x0000000017da0000,0x0000000017ea0000)]
  0x0000000017428800 JavaThread "C2 CompilerThread2" daemon [_thread_blocked, id=2900, stack(0x0000000017ca0000,0x0000000017da0000)]
  0x00000000173d0000 JavaThread "C2 CompilerThread1" daemon [_thread_blocked, id=8708, stack(0x0000000017ba0000,0x0000000017ca0000)]
  0x00000000173cb000 JavaThread "C2 CompilerThread0" daemon [_thread_blocked, id=6112, stack(0x0000000017aa0000,0x0000000017ba0000)]
  0x00000000173ca000 JavaThread "Attach Listener" daemon [_thread_blocked, id=8756, stack(0x00000000179a0000,0x0000000017aa0000)]
  0x00000000173c9000 JavaThread "Signal Dispatcher" daemon [_thread_blocked, id=7288, stack(0x00000000178a0000,0x00000000179a0000)]
  0x0000000002979000 JavaThread "Finalizer" daemon [_thread_blocked, id=9076, stack(0x00000000177a0000,0x00000000178a0000)]
  0x0000000002975800 JavaThread "Reference Handler" daemon [_thread_blocked, id=7728, stack(0x00000000172a0000,0x00000000173a0000)]
  0x0000000000f4e000 JavaThread "main" [_thread_blocked, id=8344, stack(0x0000000002680000,0x0000000002780000)]

Other Threads:
=>0x0000000015499800 VMThread [stack: 0x00000000171a0000,0x00000000172a0000] [id=7764]
  0x0000000017447800 WatcherThread [stack: 0x0000000017fa0000,0x00000000180a0000] [id=7792]

VM state:at safepoint (normal execution)

VM Mutex/Monitor currently owned by a thread:  ([mutex/lock_event])
[0x0000000000f4d4d0] Threads_lock - owner thread: 0x0000000015499800
[0x0000000000f4cf50] Heap_lock - owner thread: 0x00000000176c2000

Heap:
 PSYoungGen      total 216576K, used 23034K [0x00000000eab00000, 0x0000000100000000, 0x0000000100000000)
  eden space 193536K, 0% used [0x00000000eab00000,0x00000000eab00000,0x00000000f6800000)
  from space 23040K, 99% used [0x00000000f6800000,0x00000000f7e7e868,0x00000000f7e80000)
  to   space 37888K, 0% used [0x00000000fdb00000,0x00000000fdb00000,0x0000000100000000)
 ParOldGen       total 64512K, used 56289K [0x00000000c0000000, 0x00000000c3f00000, 0x00000000eab00000)
  object space 64512K, 87% used [0x00000000c0000000,0x00000000c36f86f0,0x00000000c3f00000)
 Metaspace       used 6512K, capacity 7192K, committed 7424K, reserved 1056768K
  class space    used 622K, capacity 656K, committed 768K, reserved 1048576K

Card table byte_map: [0x0000000011d40000,0x0000000011f50000] byte_map_base: 0x0000000011740000

Marking Bits: (ParMarkBitMap*) 0x000000006ed12f70
 Begin Bits: [0x00000000128b0000, 0x00000000138b0000)
 End Bits:   [0x00000000138b0000, 0x00000000148b0000)

Polling page: 0x0000000000990000

CodeCache: size=245760Kb used=7942Kb max_used=7942Kb free=237817Kb
 bounds [0x0000000002980000, 0x0000000003150000, 0x0000000011980000]
 total_blobs=2309 nmethods=2039 adapters=182
 compilation: enabled

Compilation events (10 events):
Event: 3.606 Thread 0x0000000017433800 nmethod 2136 0x0000000003144e50 code [0x0000000003144fc0, 0x0000000003145228]
Event: 3.606 Thread 0x0000000017433800 2137       2       com.android.dx.command.dexer.Main$FileBytesConsumer::processFileBytes (8 bytes)
Event: 3.606 Thread 0x0000000017433800 nmethod 2137 0x0000000003145390 code [0x0000000003145500, 0x0000000003145688]
Event: 3.606 Thread 0x0000000017433800 2138       2       com.android.dx.command.dexer.Main::access$1200 (7 bytes)
Event: 3.607 Thread 0x0000000017433800 nmethod 2138 0x0000000003145750 code [0x00000000031458a0, 0x00000000031459e8]
Event: 3.607 Thread 0x0000000017433800 2139   !   2       com.android.dx.command.dexer.Main::processFileBytes (265 bytes)
Event: 3.610 Thread 0x0000000017433800 nmethod 2139 0x0000000003145a90 code [0x0000000003145d60, 0x0000000003147018]
Event: 3.624 Thread 0x0000000017433800 2142       3       java.util.HashMap$HashIterator::nextNode (100 bytes)
Event: 3.625 Thread 0x0000000017433800 nmethod 2142 0x0000000003148010 code [0x00000000031481c0, 0x0000000003148698]
Event: 3.626 Thread 0x0000000017433800 2143 %     3       com.android.dx.ssa.back.FirstFitLocalCombiningAllocator::handleCheckCastResults @ 8 (413 bytes)

GC Heap History (10 events):
Event: 2.377 GC heap after
Heap after GC invocations=3 (full 0):
 PSYoungGen      total 52736K, used 3575K [0x00000000eab00000, 0x00000000f1200000, 0x0000000100000000)
  eden space 49152K, 0% used [0x00000000eab00000,0x00000000eab00000,0x00000000edb00000)
  from space 3584K, 99% used [0x00000000edb00000,0x00000000ede7def0,0x00000000ede80000)
  to   space 3584K, 0% used [0x00000000f0e80000,0x00000000f0e80000,0x00000000f1200000)
 ParOldGen       total 64512K, used 11641K [0x00000000c0000000, 0x00000000c3f00000, 0x00000000eab00000)
  object space 64512K, 18% used [0x00000000c0000000,0x00000000c0b5e4b0,0x00000000c3f00000)
 Metaspace       used 6217K, capacity 7090K, committed 7296K, reserved 1056768K
  class space    used 599K, capacity 618K, committed 640K, reserved 1048576K
}
Event: 2.527 GC heap before
{Heap before GC invocations=4 (full 0):
 PSYoungGen      total 52736K, used 52727K [0x00000000eab00000, 0x00000000f1200000, 0x0000000100000000)
  eden space 49152K, 100% used [0x00000000eab00000,0x00000000edb00000,0x00000000edb00000)
  from space 3584K, 99% used [0x00000000edb00000,0x00000000ede7def0,0x00000000ede80000)
  to   space 3584K, 0% used [0x00000000f0e80000,0x00000000f0e80000,0x00000000f1200000)
 ParOldGen       total 64512K, used 11641K [0x00000000c0000000, 0x00000000c3f00000, 0x00000000eab00000)
  object space 64512K, 18% used [0x00000000c0000000,0x00000000c0b5e4b0,0x00000000c3f00000)
 Metaspace       used 6269K, capacity 7090K, committed 7296K, reserved 1056768K
  class space    used 599K, capacity 618K, committed 640K, reserved 1048576K
Event: 2.543 GC heap after
Heap after GC invocations=4 (full 0):
 PSYoungGen      total 101888K, used 3570K [0x00000000eab00000, 0x00000000f1200000, 0x0000000100000000)
  eden space 98304K, 0% used [0x00000000eab00000,0x00000000eab00000,0x00000000f0b00000)
  from space 3584K, 99% used [0x00000000f0e80000,0x00000000f11fca18,0x00000000f1200000)
  to   space 3584K, 0% used [0x00000000f0b00000,0x00000000f0b00000,0x00000000f0e80000)
 ParOldGen       total 64512K, used 19761K [0x00000000c0000000, 0x00000000c3f00000, 0x00000000eab00000)
  object space 64512K, 30% used [0x00000000c0000000,0x00000000c134c570,0x00000000c3f00000)
 Metaspace       used 6269K, capacity 7090K, committed 7296K, reserved 1056768K
  class space    used 599K, capacity 618K, committed 640K, reserved 1048576K
}
Event: 2.832 GC heap before
{Heap before GC invocations=5 (full 0):
 PSYoungGen      total 101888K, used 101874K [0x00000000eab00000, 0x00000000f1200000, 0x0000000100000000)
  eden space 98304K, 100% used [0x00000000eab00000,0x00000000f0b00000,0x00000000f0b00000)
  from space 3584K, 99% used [0x00000000f0e80000,0x00000000f11fca18,0x00000000f1200000)
  to   space 3584K, 0% used [0x00000000f0b00000,0x00000000f0b00000,0x00000000f0e80000)
 ParOldGen       total 64512K, used 19761K [0x00000000c0000000, 0x00000000c3f00000, 0x00000000eab00000)
  object space 64512K, 30% used [0x00000000c0000000,0x00000000c134c570,0x00000000c3f00000)
 Metaspace       used 6425K, capacity 7192K, committed 7424K, reserved 1056768K
  class space    used 621K, capacity 656K, committed 768K, reserved 1048576K
Event: 2.863 GC heap after
Heap after GC invocations=5 (full 0):
 PSYoungGen      total 101888K, used 3557K [0x00000000eab00000, 0x00000000f9200000, 0x0000000100000000)
  eden space 98304K, 0% used [0x00000000eab00000,0x00000000eab00000,0x00000000f0b00000)
  from space 3584K, 99% used [0x00000000f0b00000,0x00000000f0e79630,0x00000000f0e80000)
  to   space 19968K, 0% used [0x00000000f7e80000,0x00000000f7e80000,0x00000000f9200000)
 ParOldGen       total 64512K, used 34294K [0x00000000c0000000, 0x00000000c3f00000, 0x00000000eab00000)
  object space 64512K, 53% used [0x00000000c0000000,0x00000000c217da80,0x00000000c3f00000)
 Metaspace       used 6425K, capacity 7192K, committed 7424K, reserved 1056768K
  class space    used 621K, capacity 656K, committed 768K, reserved 1048576K
}
Event: 3.115 GC heap before
{Heap before GC invocations=6 (full 0):
 PSYoungGen      total 101888K, used 101861K [0x00000000eab00000, 0x00000000f9200000, 0x0000000100000000)
  eden space 98304K, 100% used [0x00000000eab00000,0x00000000f0b00000,0x00000000f0b00000)
  from space 3584K, 99% used [0x00000000f0b00000,0x00000000f0e79630,0x00000000f0e80000)
  to   space 19968K, 0% used [0x00000000f7e80000,0x00000000f7e80000,0x00000000f9200000)
 ParOldGen       total 64512K, used 34294K [0x00000000c0000000, 0x00000000c3f00000, 0x00000000eab00000)
  object space 64512K, 53% used [0x00000000c0000000,0x00000000c217da80,0x00000000c3f00000)
 Metaspace       used 6476K, capacity 7192K, committed 7424K, reserved 1056768K
  class space    used 622K, capacity 656K, committed 768K, reserved 1048576K
Event: 3.141 GC heap after
Heap after GC invocations=6 (full 0):
 PSYoungGen      total 213504K, used 18231K [0x00000000eab00000, 0x00000000f9800000, 0x0000000100000000)
  eden space 193536K, 0% used [0x00000000eab00000,0x00000000eab00000,0x00000000f6800000)
  from space 19968K, 91% used [0x00000000f7e80000,0x00000000f904dfa0,0x00000000f9200000)
  to   space 23040K, 0% used [0x00000000f6800000,0x00000000f6800000,0x00000000f7e80000)
 ParOldGen       total 64512K, used 34294K [0x00000000c0000000, 0x00000000c3f00000, 0x00000000eab00000)
  object space 64512K, 53% used [0x00000000c0000000,0x00000000c217da80,0x00000000c3f00000)
 Metaspace       used 6476K, capacity 7192K, committed 7424K, reserved 1056768K
  class space    used 622K, capacity 656K, committed 768K, reserved 1048576K
}
Event: 3.631 GC heap before
{Heap before GC invocations=7 (full 0):
 PSYoungGen      total 213504K, used 211767K [0x00000000eab00000, 0x00000000f9800000, 0x0000000100000000)
  eden space 193536K, 100% used [0x00000000eab00000,0x00000000f6800000,0x00000000f6800000)
  from space 19968K, 91% used [0x00000000f7e80000,0x00000000f904dfa0,0x00000000f9200000)
  to   space 23040K, 0% used [0x00000000f6800000,0x00000000f6800000,0x00000000f7e80000)
 ParOldGen       total 64512K, used 34294K [0x00000000c0000000, 0x00000000c3f00000, 0x00000000eab00000)
  object space 64512K, 53% used [0x00000000c0000000,0x00000000c217da80,0x00000000c3f00000)
 Metaspace       used 6512K, capacity 7192K, committed 7424K, reserved 1056768K
  class space    used 622K, capacity 656K, committed 768K, reserved 1048576K
Event: 3.688 GC heap after
Heap after GC invocations=7 (full 0):
 PSYoungGen      total 216576K, used 23034K [0x00000000eab00000, 0x0000000100000000, 0x0000000100000000)
  eden space 193536K, 0% used [0x00000000eab00000,0x00000000eab00000,0x00000000f6800000)
  from space 23040K, 99% used [0x00000000f6800000,0x00000000f7e7e868,0x00000000f7e80000)
  to   space 37888K, 0% used [0x00000000fdb00000,0x00000000fdb00000,0x0000000100000000)
 ParOldGen       total 64512K, used 56289K [0x00000000c0000000, 0x00000000c3f00000, 0x00000000eab00000)
  object space 64512K, 87% used [0x00000000c0000000,0x00000000c36f86f0,0x00000000c3f00000)
 Metaspace       used 6512K, capacity 7192K, committed 7424K, reserved 1056768K
  class space    used 622K, capacity 656K, committed 768K, reserved 1048576K
}
Event: 3.688 GC heap before
{Heap before GC invocations=8 (full 1):
 PSYoungGen      total 216576K, used 23034K [0x00000000eab00000, 0x0000000100000000, 0x0000000100000000)
  eden space 193536K, 0% used [0x00000000eab00000,0x00000000eab00000,0x00000000f6800000)
  from space 23040K, 99% used [0x00000000f6800000,0x00000000f7e7e868,0x00000000f7e80000)
  to   space 37888K, 0% used [0x00000000fdb00000,0x00000000fdb00000,0x0000000100000000)
 ParOldGen       total 64512K, used 56289K [0x00000000c0000000, 0x00000000c3f00000, 0x00000000eab00000)
  object space 64512K, 87% used [0x00000000c0000000,0x00000000c36f86f0,0x00000000c3f00000)
 Metaspace       used 6512K, capacity 7192K, committed 7424K, reserved 1056768K
  class space    used 622K, capacity 656K, committed 768K, reserved 1048576K

Deoptimization events (10 events):
Event: 2.548 Thread 0x00000000176c2000 Uncommon trap: reason=class_check action=maybe_recompile pc=0x0000000002df6a94 method=java.util.HashMap.putVal(ILjava/lang/Object;Ljava/lang/Object;ZZ)Ljava/lang/Object; @ 203
Event: 2.548 Thread 0x00000000176c2000 Uncommon trap: reason=bimorphic action=maybe_recompile pc=0x0000000002d3b600 method=java.util.HashMap.getNode(ILjava/lang/Object;)Ljava/util/HashMap$Node; @ 126
Event: 2.557 Thread 0x00000000176c2000 Uncommon trap: reason=unstable_if action=reinterpret pc=0x0000000002f63434 method=com.android.dx.ssa.SCCP.simulateStmt(Lcom/android/dx/ssa/SsaInsn;)V @ 59
Event: 2.557 Thread 0x00000000176c2000 Uncommon trap: reason=unstable_if action=reinterpret pc=0x00000000030104a8 method=com.android.dx.ssa.SCCP.simulateBranch(Lcom/android/dx/ssa/SsaInsn;)V @ 548
Event: 2.682 Thread 0x0000000000f4e000 Uncommon trap: reason=class_check action=maybe_recompile pc=0x0000000002df6a94 method=java.util.HashMap.putVal(ILjava/lang/Object;Ljava/lang/Object;ZZ)Ljava/lang/Object; @ 203
Event: 2.682 Thread 0x0000000000f4e000 Uncommon trap: reason=class_check action=maybe_recompile pc=0x0000000002df6a94 method=java.util.HashMap.putVal(ILjava/lang/Object;Ljava/lang/Object;ZZ)Ljava/lang/Object; @ 203
Event: 2.682 Thread 0x0000000000f4e000 Uncommon trap: reason=class_check action=maybe_recompile pc=0x0000000002df6a94 method=java.util.HashMap.putVal(ILjava/lang/Object;Ljava/lang/Object;ZZ)Ljava/lang/Object; @ 203
Event: 2.682 Thread 0x0000000000f4e000 Uncommon trap: reason=unstable_if action=reinterpret pc=0x0000000002cb31ec method=java.util.HashMap.putVal(ILjava/lang/Object;Ljava/lang/Object;ZZ)Ljava/lang/Object; @ 162
Event: 2.686 Thread 0x0000000000f4e000 Uncommon trap: reason=unstable_if action=reinterpret pc=0x000000000302f164 method=java.util.HashMap.getNode(ILjava/lang/Object;)Ljava/util/HashMap$Node; @ 84
Event: 2.717 Thread 0x0000000000f4e000 Uncommon trap: reason=unstable_if action=reinterpret pc=0x0000000003058c80 method=java.util.HashMap.resize()[Ljava/util/HashMap$Node; @ 206

Internal exceptions (6 events):
Event: 0.074 Thread 0x0000000000f4e000 Exception <a 'java/lang/NoSuchMethodError': Method sun.misc.Unsafe.defineClass(Ljava/lang/String;[BII)Ljava/lang/Class; name or signature does not match> (0x00000000eab07cc0) thrown at [C:\re\workspace\8-2-build-windows-amd64-cygwin\jdk8u91\7017\hotspot\srf„ÛÛ³?
Event: 0.075 Thread 0x0000000000f4e000 Exception <a 'java/lang/NoSuchMethodError': Method sun.misc.Unsafe.prefetchRead(Ljava/lang/Object;J)V name or signature does not match> (0x00000000eab07fa8) thrown at [C:\re\workspace\8-2-build-windows-amd64-cygwin\jdk8u91\7017\hotspot\src\share\vm\prims\jk°»¶ô\ö?
Event: 1.398 Thread 0x00000000176f2000 Implicit null exception at 0x0000000002c5b133 to 0x0000000002c5c885
Event: 2.684 Thread 0x0000000000f4e000 Exception <a 'java/lang/ArrayIndexOutOfBoundsException': 18> (0x00000000ed9ea800) thrown at [C:\re\workspace\8-2-build-windows-amd64-cygwin\jdk8u91\7017\hotspot\src\share\vm\interpreter\interpreterRuntime.cpp, line 366]
Event: 2.685 Thread 0x0000000000f4e000 Exception <a 'java/lang/ArrayIndexOutOfBoundsException': 145> (0x00000000ed9ec380) thrown at [C:\re\workspace\8-2-build-windows-amd64-cygwin\jdk8u91\7017\hotspot\src\share\vm\interpreter\interpreterRuntime.cpp, line 366]
Event: 2.685 Thread 0x0000000000f4e000 Exception <a 'java/lang/ArrayIndexOutOfBoundsException'> (0x00000000ed9ed668) thrown at [C:\re\workspace\8-2-build-windows-amd64-cygwin\jdk8u91\7017\hotspot\src\share\vm\runtime\sharedRuntime.cpp, line 605]

Events (10 events):
Event: 3.141 Executing VM operation: ParallelGCFailedAllocation done
Event: 3.442 Thread 0x00000000176c2000 DEOPT PACKING pc=0x0000000002cd2144 sp=0x000000001839e720
Event: 3.442 Thread 0x00000000176c2000 DEOPT UNPACKING pc=0x00000000029c787f sp=0x000000001839e438 mode 0
Event: 3.445 Thread 0x00000000176c2000 DEOPT PACKING pc=0x0000000002e6c8b4 sp=0x000000001839e4a0
Event: 3.445 Thread 0x00000000176c2000 DEOPT UNPACKING pc=0x00000000029c787f sp=0x000000001839e1b0 mode 0
Event: 3.506 Thread 0x0000000017693000 DEOPT PACKING pc=0x0000000002cd2144 sp=0x000000001819ede0
Event: 3.506 Thread 0x0000000017693000 DEOPT UNPACKING pc=0x00000000029c787f sp=0x000000001819eaf8 mode 0
Event: 3.558 Thread 0x00000000176f2000 DEOPT PACKING pc=0x0000000002ec8e2d sp=0x000000001859e730
Event: 3.558 Thread 0x00000000176f2000 DEOPT UNPACKING pc=0x00000000029c787f sp=0x000000001859e468 mode 0
Event: 3.631 Executing VM operation: ParallelGCFailedAllocation


Dynamic libraries:
0x00007ff78c590000 - 0x00007ff78c5c7000 	C:\Program Files\Java\jdk1.8.0_91\bin\java.exe
0x00007ffe90970000 - 0x00007ffe90b41000 	C:\WINDOWS\SYSTEM32\ntdll.dll
0x00007ffe8fbc0000 - 0x00007ffe8fc6b000 	C:\WINDOWS\System32\KERNEL32.DLL
0x00007ffe8d6d0000 - 0x00007ffe8d8ed000 	C:\WINDOWS\System32\KERNELBASE.dll
0x00007ffe8fa10000 - 0x00007ffe8fab2000 	C:\WINDOWS\System32\ADVAPI32.dll
0x00007ffe8df20000 - 0x00007ffe8dfbe000 	C:\WINDOWS\System32\msvcrt.dll
0x00007ffe8f9b0000 - 0x00007ffe8fa09000 	C:\WINDOWS\System32\sechost.dll
0x00007ffe8f880000 - 0x00007ffe8f9a1000 	C:\WINDOWS\System32\RPCRT4.dll
0x00007ffe8fd30000 - 0x00007ffe8fe95000 	C:\WINDOWS\System32\USER32.dll
0x00007ffe8dec0000 - 0x00007ffe8dede000 	C:\WINDOWS\System32\win32u.dll
0x00007ffe8dfc0000 - 0x00007ffe8dff4000 	C:\WINDOWS\System32\GDI32.dll
0x00007ffe8dbc0000 - 0x00007ffe8dd42000 	C:\WINDOWS\System32\gdi32full.dll
0x00007ffe81590000 - 0x00007ffe81809000 	C:\WINDOWS\WinSxS\amd64_microsoft.windows.common-controls_6595b64144ccf1df_6.0.14393.0_none_2d0f50fcbdb171b8\COMCTL32.dll
0x00007ffe90640000 - 0x00007ffe90907000 	C:\WINDOWS\System32\combase.dll
0x00007ffe8d8f0000 - 0x00007ffe8d9e5000 	C:\WINDOWS\System32\ucrtbase.dll
0x00007ffe8dd50000 - 0x00007ffe8ddba000 	C:\WINDOWS\System32\bcryptPrimitives.dll
0x00007ffe8f830000 - 0x00007ffe8f85e000 	C:\WINDOWS\System32\IMM32.DLL
0x000000006dd10000 - 0x000000006dde2000 	C:\Program Files\Java\jdk1.8.0_91\jre\bin\msvcr100.dll
0x000000006e500000 - 0x000000006ed93000 	C:\Program Files\Java\jdk1.8.0_91\jre\bin\server\jvm.dll
0x00007ffe8df10000 - 0x00007ffe8df18000 	C:\WINDOWS\System32\PSAPI.DLL
0x00007ffe7f510000 - 0x00007ffe7f519000 	C:\WINDOWS\SYSTEM32\WSOCK32.dll
0x00007ffe89190000 - 0x00007ffe8919a000 	C:\WINDOWS\SYSTEM32\VERSION.dll
0x00007ffe8b000000 - 0x00007ffe8b023000 	C:\WINDOWS\SYSTEM32\WINMM.dll
0x00007ffe905d0000 - 0x00007ffe9063a000 	C:\WINDOWS\System32\WS2_32.dll
0x0000000000eb0000 - 0x0000000000edb000 	C:\WINDOWS\SYSTEM32\WINMMBASE.dll
0x00007ffe8ddc0000 - 0x00007ffe8de02000 	C:\WINDOWS\System32\cfgmgr32.dll
0x000000006f170000 - 0x000000006f17f000 	C:\Program Files\Java\jdk1.8.0_91\jre\bin\verify.dll
0x000000006f140000 - 0x000000006f169000 	C:\Program Files\Java\jdk1.8.0_91\jre\bin\java.dll
0x000000006f120000 - 0x000000006f136000 	C:\Program Files\Java\jdk1.8.0_91\jre\bin\zip.dll
0x00007ffe8e1c0000 - 0x00007ffe8f6c8000 	C:\WINDOWS\System32\SHELL32.dll
0x00007ffe8cff0000 - 0x00007ffe8d6ca000 	C:\WINDOWS\System32\windows.storage.dll
0x00007ffe8ce60000 - 0x00007ffe8ceac000 	C:\WINDOWS\System32\powrprof.dll
0x00007ffe90910000 - 0x00007ffe90962000 	C:\WINDOWS\System32\shlwapi.dll
0x00007ffe8ced0000 - 0x00007ffe8cedf000 	C:\WINDOWS\System32\kernel.appcore.dll
0x00007ffe8de10000 - 0x00007ffe8deb9000 	C:\WINDOWS\System32\shcore.dll
0x00007ffe8ceb0000 - 0x00007ffe8cec4000 	C:\WINDOWS\System32\profapi.dll
0x00007ffe83f10000 - 0x00007ffe840a2000 	C:\WINDOWS\SYSTEM32\dbghelp.dll

VM Arguments:
jvm_args: -Djava.awt.headless=true -Xmx1024M -Dfile.encoding=windows-1251 -Duser.country=RU -Duser.language=ru -Duser.variant 
java_command: com.android.dx.command.Main --dex --force-jumbo --num-threads=4 --multi-dex --output C:\Users\AlexWalker\Downloads\backendless-codegen\backendless-codegen\BackendlessQuery\app\build\intermediates\transforms\dex\debug\folders\1000\2\backendless_38e11a3f524ab5101d84d425843b88054f47aac4 C:\Users\AlexWalker\Downloads\backendless-codegen\backendless-codegen\BackendlessQuery\app\libs\backendless.jar
java_class_path (initial): D:\Users\AlexWalker\AppData\Local\Android\sdk\build-tools\24.0.0\lib\dx.jar
Launcher Type: SUN_STANDARD

Environment Variables:
PATH=C:\Python27\;C:\Python27\Scripts;C:\Program Files\Broadcom\Broadcom 802.11 Network Adapter\Driver;C:\ProgramData\Oracle\Java\javapath;C:\WINDOWS\system32;C:\WINDOWS;C:\WINDOWS\System32\Wbem;C:\WINDOWS\System32\WindowsPowerShell\v1.0\;C:\Program Files\Intel\WiFi\bin\;C:\Program Files\Common Files\Intel\WirelessCommon\;C:\Program Files\Common Files\Autodesk Shared\;C:\Program Files (x86)\Autodesk\Backburner\;C:\Program Files (x86)\Skype\Phone\;d:\Program Files\Git\cmd;C:\WINDOWS\system32\config\systemprofile\.dnx\bin;C:\Program Files\Microsoft DNX\Dnvm\;C:\Program Files\Microsoft SQL Server\130\Tools\Binn\;C:\Python27\;C:\Python27\Scripts;C:\Program Files\Broadcom\Broadcom 802.11 Network Adapter\Driver;C:\ProgramData\Oracle\Java\javapath;C:\WINDOWS\system32;C:\WINDOWS;C:\WINDOWS\System32\Wbem;C:\WINDOWS\System32\WindowsPowerShell\v1.0\;C:\Program Files\Intel\WiFi\bin\;C:\Program Files\Common Files\Intel\WirelessCommon\;C:\Program Files\Common Files\Autodesk Shared\;C:\Program Files (x86)\Autodesk\Backburner\;C:\Program Files (x86)\Skype\Phone\;d:\Program Files\Git\cmd;C:\WINDOWS\system32\config\systemprofile\.dnx\bin;C:\Program Files\Microsoft DNX\Dnvm\;C:\Program Files\Microsoft SQL Server\130\Tools\Binn\;C:\Python27;C:\Python27\Scripts;C:\Users\AlexWalker\AppData\Local\Microsoft\WindowsApps;
USERNAME=AlexWalker
OS=Windows_NT
PROCESSOR_IDENTIFIER=Intel64 Family 6 Model 42 Stepping 7, GenuineIntel



---------------  S Y S T E M  ---------------

OS: Windows 10.0 , 64 bit Build 14393 (10.0.14393.0)

CPU:total 8 (4 cores per cpu, 2 threads per core) family 6 model 42 stepping 7, cmov, cx8, fxsr, mmx, sse, sse2, sse3, ssse3, sse4.1, sse4.2, popcnt, avx, aes, clmul, ht, tsc, tscinvbit

Memory: 4k page, physical 6139756k(811912k free), swap 7843692k(1616048k free)

vm_info: Java HotSpot(TM) 64-Bit Server VM (25.91-b15) for windows-amd64 JRE (1.8.0_91-b15), built on May 20 2016 17:43:15 by "java_re" with MS VC++ 10.0 (VS2010)

time: Sat Oct 01 23:08:53 2016
elapsed time: 4 seconds (0d 0h 0m 4s)

