#
# A fatal error has been detected by the Java Runtime Environment:
#
#  EXCEPTION_ACCESS_VIOLATION (0xc0000005) at pc=0x000000006e5aeb40, pid=5012, tid=7240
#
# JRE version: Java(TM) SE Runtime Environment (8.0_91-b15) (build 1.8.0_91-b15)
# Java VM: Java HotSpot(TM) 64-Bit Server VM (25.91-b15 mixed mode windows-amd64 compressed oops)
# Problematic frame:
# V  [jvm.dll+0xaeb40]
#
# Failed to write core dump. Minidumps are not enabled by default on client versions of Windows
#
# If you would like to submit a bug report, please visit:
#   http://bugreport.java.com/bugreport/crash.jsp
#

---------------  T H R E A D  ---------------

Current thread (0x0000000003023800):  GCTaskThread [stack: 0x0000000012e30000,0x0000000012f30000] [id=7240]

siginfo: ExceptionCode=0xc0000005, reading address 0x0000000100294798

Registers:
RAX=0x0000000000000001, RBX=0x00000000ece77528, RCX=0x00000000ece77528, RDX=0x0000000100294790
RSP=0x0000000012f2fc48, RBP=0x0000000000000000, RSI=0x0000000015c16080, RDI=0x000000001aea52a0
R8 =0x0000000015c16080, R9 =0x000000000000000e, R10=0x0000000000000008, R11=0x00000000f8cb5508
R12=0x000000006eb4d0b8, R13=0x0000000000000001, R14=0x0000000000000000, R15=0x0000000003023f50
RIP=0x000000006e5aeb40, EFLAGS=0x0000000000010206

Top of Stack: (sp=0x0000000012f2fc48)
0x0000000012f2fc48:   000000006e8fc702 00000000ece77568
0x0000000012f2fc58:   0000000000000007 0000000015c16080
0x0000000012f2fc68:   00000000031ff7d8 00000000f8cad518
0x0000000012f2fc78:   0000000000001000 0000000015c16080
0x0000000012f2fc88:   000000006e611d63 0000000000000000
0x0000000012f2fc98:   000000000301fc01 000000006eb4d0b8
0x0000000012f2fca8:   000000006e8fca70 00000000f8cb14bc
0x0000000012f2fcb8:   0000000000000000 0000000015c16080
0x0000000012f2fcc8:   000000001aea52a0 00000000f8cb14bc
0x0000000012f2fcd8:   000000006e8fd445 00000000ed7a1dd0
0x0000000012f2fce8:   0000000000000000 0000000015c16080
0x0000000012f2fcf8:   000000006e8fc981 00000000ebbf9398
0x0000000012f2fd08:   0000000000000005 0000000015c16080
0x0000000012f2fd18:   0000005e000003a2 0000000000000400
0x0000000012f2fd28:   0000005d000003a2 00000196000000e3
0x0000000012f2fd38:   000000006e71bab2 0000000003023f40 

Instructions: (pc=0x000000006e5aeb40)
0x000000006e5aeb20:   4c ab 1d 00 48 8b 9c 24 d0 00 00 00 48 81 c4 c0
0x000000006e5aeb30:   00 00 00 5d c3 cc cc cc cc cc cc cc cc cc cc cc
0x000000006e5aeb40:   44 8b 42 08 4c 8b ca 45 85 c0 7e 0e 41 f6 c0 01
0x000000006e5aeb50:   75 57 41 c1 f8 03 41 8b c0 c3 79 4d 80 3d ce 50 


Register to memory mapping:

RAX=0x0000000000000001 is an unknown value
RBX=0x00000000ece77528 is an oop

[error occurred during error reporting (printing register info), id 0xc0000005]

Stack: [0x0000000012e30000,0x0000000012f30000],  sp=0x0000000012f2fc48,  free space=1023k
Native frames: (J=compiled Java code, j=interpreted, Vv=VM code, C=native code)


---------------  P R O C E S S  ---------------

Java Threads: ( => current thread )
  0x0000000018905000 JavaThread "pool-2-thread-4" [_thread_blocked, id=6288, stack(0x00000000194d0000,0x00000000195d0000)]
  0x0000000018904000 JavaThread "pool-2-thread-3" [_thread_blocked, id=7580, stack(0x00000000193d0000,0x00000000194d0000)]
  0x00000000188fd800 JavaThread "pool-2-thread-2" [_thread_blocked, id=8816, stack(0x00000000192d0000,0x00000000193d0000)]
  0x00000000188e3800 JavaThread "pool-3-thread-1" [_thread_blocked, id=7780, stack(0x00000000191d0000,0x00000000192d0000)]
  0x00000000188e1000 JavaThread "pool-2-thread-1" [_thread_blocked, id=7016, stack(0x00000000190d0000,0x00000000191d0000)]
  0x0000000017b5a000 JavaThread "Service Thread" daemon [_thread_blocked, id=8812, stack(0x00000000186d0000,0x00000000187d0000)]
  0x0000000017b18800 JavaThread "C1 CompilerThread3" daemon [_thread_blocked, id=8972, stack(0x00000000185d0000,0x00000000186d0000)]
  0x0000000017b12800 JavaThread "C2 CompilerThread2" daemon [_thread_blocked, id=9060, stack(0x00000000184d0000,0x00000000185d0000)]
  0x0000000017b0e000 JavaThread "C2 CompilerThread1" daemon [_thread_blocked, id=7272, stack(0x00000000183d0000,0x00000000184d0000)]
  0x0000000017b09800 JavaThread "C2 CompilerThread0" daemon [_thread_blocked, id=9016, stack(0x00000000182d0000,0x00000000183d0000)]
  0x0000000017b08000 JavaThread "Attach Listener" daemon [_thread_blocked, id=7232, stack(0x00000000181d0000,0x00000000182d0000)]
  0x0000000017b07000 JavaThread "Signal Dispatcher" daemon [_thread_blocked, id=7320, stack(0x00000000180d0000,0x00000000181d0000)]
  0x00000000030f9000 JavaThread "Finalizer" daemon [_thread_blocked, id=8488, stack(0x0000000017ee0000,0x0000000017fe0000)]
  0x00000000030f5800 JavaThread "Reference Handler" daemon [_thread_blocked, id=2608, stack(0x00000000179e0000,0x0000000017ae0000)]
  0x00000000017be000 JavaThread "main" [_thread_blocked, id=7308, stack(0x0000000002f00000,0x0000000003000000)]

Other Threads:
  0x0000000015c19800 VMThread [stack: 0x00000000178e0000,0x00000000179e0000] [id=8964]
  0x0000000017b5c000 WatcherThread [stack: 0x00000000187d0000,0x00000000188d0000] [id=8944]

=>0x0000000003023800 (exited) GCTaskThread [stack: 0x0000000012e30000,0x0000000012f30000] [id=7240]

VM state:at safepoint (normal execution)

VM Mutex/Monitor currently owned by a thread:  ([mutex/lock_event])
[0x00000000017bd6d0] Threads_lock - owner thread: 0x0000000015c19800
[0x00000000017bce50] Heap_lock - owner thread: 0x00000000017be000

Heap:
 PSYoungGen      total 101888K, used 101880K [0x00000000eab00000, 0x00000000f9100000, 0x0000000100000000)
  eden space 98304K, 100% used [0x00000000eab00000,0x00000000f0b00000,0x00000000f0b00000)
  from space 3584K, 99% used [0x00000000f0b00000,0x00000000f0e7e3a0,0x00000000f0e80000)
  to   space 19456K, 93% used [0x00000000f7e00000,0x00000000f8fd5518,0x00000000f9100000)
 ParOldGen       total 64512K, used 33720K [0x00000000c0000000, 0x00000000c3f00000, 0x00000000eab00000)
  object space 64512K, 52% used [0x00000000c0000000,0x00000000c20ee2e8,0x00000000c3f00000)
 Metaspace       used 6479K, capacity 7192K, committed 7424K, reserved 1056768K
  class space    used 622K, capacity 656K, committed 768K, reserved 1048576K

Card table byte_map: [0x00000000124c0000,0x00000000126d0000] byte_map_base: 0x0000000011ec0000

Marking Bits: (ParMarkBitMap*) 0x000000006ed12f70
 Begin Bits: [0x0000000013030000, 0x0000000014030000)
 End Bits:   [0x0000000014030000, 0x0000000015030000)

Polling page: 0x0000000001720000

CodeCache: size=245760Kb used=8195Kb max_used=8195Kb free=237564Kb
 bounds [0x0000000003100000, 0x0000000003910000, 0x0000000012100000]
 total_blobs=2249 nmethods=1979 adapters=182
 compilation: enabled

Compilation events (10 events):
Event: 4.376 Thread 0x0000000017b18800 2054       2       sun.util.calendar.BaseCalendar$Date::setCache (20 bytes)
Event: 4.376 Thread 0x0000000017b18800 nmethod 2054 0x00000000038e71d0 code [0x00000000038e7320, 0x00000000038e7470]
Event: 4.376 Thread 0x0000000017b18800 2055       2       sun.util.calendar.BaseCalendar::getDayOfYear (26 bytes)
Event: 4.377 Thread 0x0000000017b18800 nmethod 2055 0x00000000038d7650 code [0x00000000038d77c0, 0x00000000038d7a30]
Event: 4.377 Thread 0x0000000017b18800 2056       2       sun.util.calendar.Gregorian::getCalendarDate (7 bytes)
Event: 4.377 Thread 0x0000000017b18800 nmethod 2056 0x00000000038d7250 code [0x00000000038d73c0, 0x00000000038d7568]
Event: 4.377 Thread 0x0000000017b18800 2057       2       sun.util.calendar.Gregorian::getCalendarDate (10 bytes)
Event: 4.377 Thread 0x0000000017b18800 nmethod 2057 0x00000000038d6e50 code [0x00000000038d6fc0, 0x00000000038d7168]
Event: 4.377 Thread 0x0000000017b18800 2058       2       sun.util.calendar.AbstractCalendar::getCalendarDate (217 bytes)
Event: 4.378 Thread 0x0000000017b18800 nmethod 2058 0x00000000038d62d0 code [0x00000000038d64a0, 0x00000000038d6a58]

GC Heap History (10 events):
Event: 1.564 GC heap after
Heap after GC invocations=1 (full 0):
 PSYoungGen      total 28160K, used 3568K [0x00000000eab00000, 0x00000000ee200000, 0x0000000100000000)
  eden space 24576K, 0% used [0x00000000eab00000,0x00000000eab00000,0x00000000ec300000)
  from space 3584K, 99% used [0x00000000ec300000,0x00000000ec67c088,0x00000000ec680000)
  to   space 3584K, 0% used [0x00000000ede80000,0x00000000ede80000,0x00000000ee200000)
 ParOldGen       total 64512K, used 906K [0x00000000c0000000, 0x00000000c3f00000, 0x00000000eab00000)
  object space 64512K, 1% used [0x00000000c0000000,0x00000000c00e2b80,0x00000000c3f00000)
 Metaspace       used 5816K, capacity 6768K, committed 7040K, reserved 1056768K
  class space    used 597K, capacity 616K, committed 640K, reserved 1048576K
}
Event: 2.216 GC heap before
{Heap before GC invocations=2 (full 0):
 PSYoungGen      total 28160K, used 28144K [0x00000000eab00000, 0x00000000ee200000, 0x0000000100000000)
  eden space 24576K, 100% used [0x00000000eab00000,0x00000000ec300000,0x00000000ec300000)
  from space 3584K, 99% used [0x00000000ec300000,0x00000000ec67c088,0x00000000ec680000)
  to   space 3584K, 0% used [0x00000000ede80000,0x00000000ede80000,0x00000000ee200000)
 ParOldGen       total 64512K, used 906K [0x00000000c0000000, 0x00000000c3f00000, 0x00000000eab00000)
  object space 64512K, 1% used [0x00000000c0000000,0x00000000c00e2b80,0x00000000c3f00000)
 Metaspace       used 6071K, capacity 6962K, committed 7040K, reserved 1056768K
  class space    used 599K, capacity 618K, committed 640K, reserved 1048576K
Event: 2.336 GC heap after
Heap after GC invocations=2 (full 0):
 PSYoungGen      total 52736K, used 3581K [0x00000000eab00000, 0x00000000ee200000, 0x0000000100000000)
  eden space 49152K, 0% used [0x00000000eab00000,0x00000000eab00000,0x00000000edb00000)
  from space 3584K, 99% used [0x00000000ede80000,0x00000000ee1ff7c0,0x00000000ee200000)
  to   space 3584K, 0% used [0x00000000edb00000,0x00000000edb00000,0x00000000ede80000)
 ParOldGen       total 64512K, used 4600K [0x00000000c0000000, 0x00000000c3f00000, 0x00000000eab00000)
  object space 64512K, 7% used [0x00000000c0000000,0x00000000c047e1e8,0x00000000c3f00000)
 Metaspace       used 6071K, capacity 6962K, committed 7040K, reserved 1056768K
  class space    used 599K, capacity 618K, committed 640K, reserved 1048576K
}
Event: 3.230 GC heap before
{Heap before GC invocations=3 (full 0):
 PSYoungGen      total 52736K, used 52733K [0x00000000eab00000, 0x00000000ee200000, 0x0000000100000000)
  eden space 49152K, 100% used [0x00000000eab00000,0x00000000edb00000,0x00000000edb00000)
  from space 3584K, 99% used [0x00000000ede80000,0x00000000ee1ff7c0,0x00000000ee200000)
  to   space 3584K, 0% used [0x00000000edb00000,0x00000000edb00000,0x00000000ede80000)
 ParOldGen       total 64512K, used 4600K [0x00000000c0000000, 0x00000000c3f00000, 0x00000000eab00000)
  object space 64512K, 7% used [0x00000000c0000000,0x00000000c047e1e8,0x00000000c3f00000)
 Metaspace       used 6218K, capacity 7090K, committed 7296K, reserved 1056768K
  class space    used 599K, capacity 618K, committed 640K, reserved 1048576K
Event: 3.262 GC heap after
Heap after GC invocations=3 (full 0):
 PSYoungGen      total 52736K, used 3570K [0x00000000eab00000, 0x00000000f1200000, 0x0000000100000000)
  eden space 49152K, 0% used [0x00000000eab00000,0x00000000eab00000,0x00000000edb00000)
  from space 3584K, 99% used [0x00000000edb00000,0x00000000ede7ca28,0x00000000ede80000)
  to   space 3584K, 0% used [0x00000000f0e80000,0x00000000f0e80000,0x00000000f1200000)
 ParOldGen       total 64512K, used 12040K [0x00000000c0000000, 0x00000000c3f00000, 0x00000000eab00000)
  object space 64512K, 18% used [0x00000000c0000000,0x00000000c0bc2350,0x00000000c3f00000)
 Metaspace       used 6218K, capacity 7090K, committed 7296K, reserved 1056768K
  class space    used 599K, capacity 618K, committed 640K, reserved 1048576K
}
Event: 3.599 GC heap before
{Heap before GC invocations=4 (full 0):
 PSYoungGen      total 52736K, used 52722K [0x00000000eab00000, 0x00000000f1200000, 0x0000000100000000)
  eden space 49152K, 100% used [0x00000000eab00000,0x00000000edb00000,0x00000000edb00000)
  from space 3584K, 99% used [0x00000000edb00000,0x00000000ede7ca28,0x00000000ede80000)
  to   space 3584K, 0% used [0x00000000f0e80000,0x00000000f0e80000,0x00000000f1200000)
 ParOldGen       total 64512K, used 12040K [0x00000000c0000000, 0x00000000c3f00000, 0x00000000eab00000)
  object space 64512K, 18% used [0x00000000c0000000,0x00000000c0bc2350,0x00000000c3f00000)
 Metaspace       used 6272K, capacity 7090K, committed 7296K, reserved 1056768K
  class space    used 600K, capacity 618K, committed 640K, reserved 1048576K
Event: 3.632 GC heap after
Heap after GC invocations=4 (full 0):
 PSYoungGen      total 101888K, used 3573K [0x00000000eab00000, 0x00000000f1200000, 0x0000000100000000)
  eden space 98304K, 0% used [0x00000000eab00000,0x00000000eab00000,0x00000000f0b00000)
  from space 3584K, 99% used [0x00000000f0e80000,0x00000000f11fd678,0x00000000f1200000)
  to   space 3584K, 0% used [0x00000000f0b00000,0x00000000f0b00000,0x00000000f0e80000)
 ParOldGen       total 64512K, used 19980K [0x00000000c0000000, 0x00000000c3f00000, 0x00000000eab00000)
  object space 64512K, 30% used [0x00000000c0000000,0x00000000c1383390,0x00000000c3f00000)
 Metaspace       used 6272K, capacity 7090K, committed 7296K, reserved 1056768K
  class space    used 600K, capacity 618K, committed 640K, reserved 1048576K
}
Event: 4.042 GC heap before
{Heap before GC invocations=5 (full 0):
 PSYoungGen      total 101888K, used 101877K [0x00000000eab00000, 0x00000000f1200000, 0x0000000100000000)
  eden space 98304K, 100% used [0x00000000eab00000,0x00000000f0b00000,0x00000000f0b00000)
  from space 3584K, 99% used [0x00000000f0e80000,0x00000000f11fd678,0x00000000f1200000)
  to   space 3584K, 0% used [0x00000000f0b00000,0x00000000f0b00000,0x00000000f0e80000)
 ParOldGen       total 64512K, used 19993K [0x00000000c0000000, 0x00000000c3f00000, 0x00000000eab00000)
  object space 64512K, 30% used [0x00000000c0000000,0x00000000c1386758,0x00000000c3f00000)
 Metaspace       used 6335K, capacity 7154K, committed 7296K, reserved 1056768K
  class space    used 601K, capacity 618K, committed 640K, reserved 1048576K
Event: 4.091 GC heap after
Heap after GC invocations=5 (full 0):
 PSYoungGen      total 101888K, used 3576K [0x00000000eab00000, 0x00000000f9100000, 0x0000000100000000)
  eden space 98304K, 0% used [0x00000000eab00000,0x00000000eab00000,0x00000000f0b00000)
  from space 3584K, 99% used [0x00000000f0b00000,0x00000000f0e7e3a0,0x00000000f0e80000)
  to   space 19456K, 0% used [0x00000000f7e00000,0x00000000f7e00000,0x00000000f9100000)
 ParOldGen       total 64512K, used 33719K [0x00000000c0000000, 0x00000000c3f00000, 0x00000000eab00000)
  object space 64512K, 52% used [0x00000000c0000000,0x00000000c20edd58,0x00000000c3f00000)
 Metaspace       used 6335K, capacity 7154K, committed 7296K, reserved 1056768K
  class space    used 601K, capacity 618K, committed 640K, reserved 1048576K
}
Event: 4.390 GC heap before
{Heap before GC invocations=6 (full 0):
 PSYoungGen      total 101888K, used 101880K [0x00000000eab00000, 0x00000000f9100000, 0x0000000100000000)
  eden space 98304K, 100% used [0x00000000eab00000,0x00000000f0b00000,0x00000000f0b00000)
  from space 3584K, 99% used [0x00000000f0b00000,0x00000000f0e7e3a0,0x00000000f0e80000)
  to   space 19456K, 0% used [0x00000000f7e00000,0x00000000f7e00000,0x00000000f9100000)
 ParOldGen       total 64512K, used 33720K [0x00000000c0000000, 0x00000000c3f00000, 0x00000000eab00000)
  object space 64512K, 52% used [0x00000000c0000000,0x00000000c20ee2e8,0x00000000c3f00000)
 Metaspace       used 6479K, capacity 7192K, committed 7424K, reserved 1056768K
  class space    used 622K, capacity 656K, committed 768K, reserved 1048576K

Deoptimization events (10 events):
Event: 3.588 Thread 0x00000000188e1000 Uncommon trap: reason=bimorphic action=maybe_recompile pc=0x0000000003360e78 method=java.util.HashMap.getNode(ILjava/lang/Object;)Ljava/util/HashMap$Node; @ 126
Event: 3.741 Thread 0x00000000188e1000 Uncommon trap: reason=unstable_if action=reinterpret pc=0x000000000383dae0 method=com.android.dx.ssa.SCCP.simulateStmt(Lcom/android/dx/ssa/SsaInsn;)V @ 59
Event: 3.947 Thread 0x0000000018905000 Uncommon trap: reason=class_check action=maybe_recompile pc=0x00000000035b7d94 method=java.util.HashMap.putVal(ILjava/lang/Object;Ljava/lang/Object;ZZ)Ljava/lang/Object; @ 203
Event: 3.947 Thread 0x0000000018905000 Uncommon trap: reason=class_check action=maybe_recompile pc=0x00000000035b7d94 method=java.util.HashMap.putVal(ILjava/lang/Object;Ljava/lang/Object;ZZ)Ljava/lang/Object; @ 203
Event: 3.947 Thread 0x0000000018905000 Uncommon trap: reason=class_check action=maybe_recompile pc=0x00000000035b7d94 method=java.util.HashMap.putVal(ILjava/lang/Object;Ljava/lang/Object;ZZ)Ljava/lang/Object; @ 203
Event: 4.103 Thread 0x0000000018904000 Uncommon trap: reason=unstable_if action=reinterpret pc=0x000000000382d19c method=com.android.dx.rop.code.LocalVariableExtractor.processBlock(I)V @ 195
Event: 4.297 Thread 0x00000000017be000 Uncommon trap: reason=unstable_if action=reinterpret pc=0x0000000003461470 method=java.util.HashMap.putVal(ILjava/lang/Object;Ljava/lang/Object;ZZ)Ljava/lang/Object; @ 162
Event: 4.302 Thread 0x00000000017be000 Uncommon trap: reason=unstable_if action=reinterpret pc=0x000000000387bfd0 method=java.util.HashMap.getNode(ILjava/lang/Object;)Ljava/util/HashMap$Node; @ 84
Event: 4.386 Thread 0x0000000018905000 Uncommon trap: reason=bimorphic action=maybe_recompile pc=0x00000000038ee220 method=com.android.dx.cf.code.BytecodeArray.parseInstruction(ILcom/android/dx/cf/code/BytecodeArray$Visitor;)I @ 2281
Event: 4.386 Thread 0x0000000018905000 Uncommon trap: reason=bimorphic action=maybe_recompile pc=0x00000000038ee220 method=com.android.dx.cf.code.BytecodeArray.parseInstruction(ILcom/android/dx/cf/code/BytecodeArray$Visitor;)I @ 2281

Internal exceptions (6 events):
Event: 0.069 Thread 0x00000000017be000 Exception <a 'java/lang/NoSuchMethodError': Method sun.misc.Unsafe.defineClass(Ljava/lang/String;[BII)Ljava/lang/Class; name or signature does not match> (0x00000000eab07cc0) thrown at [C:\re\workspace\8-2-build-windows-amd64-cygwin\jdk8u91\7017\hotspot\sr¬AØ*”±?
Event: 0.069 Thread 0x00000000017be000 Exception <a 'java/lang/NoSuchMethodError': Method sun.misc.Unsafe.prefetchRead(Ljava/lang/Object;J)V name or signature does not match> (0x00000000eab07fa8) thrown at [C:\re\workspace\8-2-build-windows-amd64-cygwin\jdk8u91\7017\hotspot\src\share\vm\prims\j‰¬IÀ¬ú?
Event: 1.667 Thread 0x0000000018905000 Implicit null exception at 0x0000000003413d5d to 0x0000000003415c7d
Event: 4.299 Thread 0x00000000017be000 Exception <a 'java/lang/ArrayIndexOutOfBoundsException': 18> (0x00000000ef125a58) thrown at [C:\re\workspace\8-2-build-windows-amd64-cygwin\jdk8u91\7017\hotspot\src\share\vm\interpreter\interpreterRuntime.cpp, line 366]
Event: 4.300 Thread 0x00000000017be000 Exception <a 'java/lang/ArrayIndexOutOfBoundsException': 145> (0x00000000ef1275d8) thrown at [C:\re\workspace\8-2-build-windows-amd64-cygwin\jdk8u91\7017\hotspot\src\share\vm\interpreter\interpreterRuntime.cpp, line 366]
Event: 4.301 Thread 0x00000000017be000 Exception <a 'java/lang/ArrayIndexOutOfBoundsException'> (0x00000000ef1288c0) thrown at [C:\re\workspace\8-2-build-windows-amd64-cygwin\jdk8u91\7017\hotspot\src\share\vm\runtime\sharedRuntime.cpp, line 605]

Events (10 events):
Event: 4.302 Thread 0x00000000017be000 Uncommon trap: trap_request=0xffffff65 fr.pc=0x000000000387bfd0
Event: 4.302 Thread 0x00000000017be000 DEOPT PACKING pc=0x000000000387bfd0 sp=0x0000000002ffe1d0
Event: 4.302 Thread 0x00000000017be000 DEOPT UNPACKING pc=0x000000000314582a sp=0x0000000002ffe0f0 mode 2
Event: 4.386 Thread 0x0000000018905000 Uncommon trap: trap_request=0xffffffc6 fr.pc=0x00000000038ee220
Event: 4.386 Thread 0x0000000018905000 DEOPT PACKING pc=0x00000000038ee220 sp=0x00000000195ce610
Event: 4.386 Thread 0x0000000018905000 DEOPT UNPACKING pc=0x000000000314582a sp=0x00000000195ce600 mode 2
Event: 4.386 Thread 0x0000000018905000 Uncommon trap: trap_request=0xffffffc6 fr.pc=0x00000000038ee220
Event: 4.386 Thread 0x0000000018905000 DEOPT PACKING pc=0x00000000038ee220 sp=0x00000000195ce470
Event: 4.386 Thread 0x0000000018905000 DEOPT UNPACKING pc=0x000000000314582a sp=0x00000000195ce460 mode 2
Event: 4.390 Executing VM operation: ParallelGCFailedAllocation


Dynamic libraries:
0x00007ff78c590000 - 0x00007ff78c5c7000 	C:\Program Files\Java\jdk1.8.0_91\bin\java.exe
0x00007ffe90970000 - 0x00007ffe90b41000 	C:\WINDOWS\SYSTEM32\ntdll.dll
0x00007ffe8fbc0000 - 0x00007ffe8fc6b000 	C:\WINDOWS\System32\KERNEL32.DLL
0x00007ffe8d6d0000 - 0x00007ffe8d8ed000 	C:\WINDOWS\System32\KERNELBASE.dll
0x00007ffe8fa10000 - 0x00007ffe8fab2000 	C:\WINDOWS\System32\ADVAPI32.dll
0x00007ffe8df20000 - 0x00007ffe8dfbe000 	C:\WINDOWS\System32\msvcrt.dll
0x00007ffe8f9b0000 - 0x00007ffe8fa09000 	C:\WINDOWS\System32\sechost.dll
0x00007ffe8f880000 - 0x00007ffe8f9a1000 	C:\WINDOWS\System32\RPCRT4.dll
0x00007ffe8fd30000 - 0x00007ffe8fe95000 	C:\WINDOWS\System32\USER32.dll
0x00007ffe8dec0000 - 0x00007ffe8dede000 	C:\WINDOWS\System32\win32u.dll
0x00007ffe8dfc0000 - 0x00007ffe8dff4000 	C:\WINDOWS\System32\GDI32.dll
0x00007ffe8dbc0000 - 0x00007ffe8dd42000 	C:\WINDOWS\System32\gdi32full.dll
0x00007ffe81590000 - 0x00007ffe81809000 	C:\WINDOWS\WinSxS\amd64_microsoft.windows.common-controls_6595b64144ccf1df_6.0.14393.0_none_2d0f50fcbdb171b8\COMCTL32.dll
0x00007ffe90640000 - 0x00007ffe90907000 	C:\WINDOWS\System32\combase.dll
0x00007ffe8d8f0000 - 0x00007ffe8d9e5000 	C:\WINDOWS\System32\ucrtbase.dll
0x00007ffe8dd50000 - 0x00007ffe8ddba000 	C:\WINDOWS\System32\bcryptPrimitives.dll
0x00007ffe8f830000 - 0x00007ffe8f85e000 	C:\WINDOWS\System32\IMM32.DLL
0x000000006dd10000 - 0x000000006dde2000 	C:\Program Files\Java\jdk1.8.0_91\jre\bin\msvcr100.dll
0x000000006e500000 - 0x000000006ed93000 	C:\Program Files\Java\jdk1.8.0_91\jre\bin\server\jvm.dll
0x00007ffe8df10000 - 0x00007ffe8df18000 	C:\WINDOWS\System32\PSAPI.DLL
0x00007ffe8b000000 - 0x00007ffe8b023000 	C:\WINDOWS\SYSTEM32\WINMM.dll
0x00007ffe7f510000 - 0x00007ffe7f519000 	C:\WINDOWS\SYSTEM32\WSOCK32.dll
0x00007ffe905d0000 - 0x00007ffe9063a000 	C:\WINDOWS\System32\WS2_32.dll
0x00007ffe8af70000 - 0x00007ffe8af9b000 	C:\WINDOWS\SYSTEM32\WINMMBASE.dll
0x00007ffe89190000 - 0x00007ffe8919a000 	C:\WINDOWS\SYSTEM32\VERSION.dll
0x00007ffe8ddc0000 - 0x00007ffe8de02000 	C:\WINDOWS\System32\cfgmgr32.dll
0x000000006f170000 - 0x000000006f17f000 	C:\Program Files\Java\jdk1.8.0_91\jre\bin\verify.dll
0x000000006f140000 - 0x000000006f169000 	C:\Program Files\Java\jdk1.8.0_91\jre\bin\java.dll
0x000000006f120000 - 0x000000006f136000 	C:\Program Files\Java\jdk1.8.0_91\jre\bin\zip.dll
0x00007ffe8e1c0000 - 0x00007ffe8f6c8000 	C:\WINDOWS\System32\SHELL32.dll
0x00007ffe8cff0000 - 0x00007ffe8d6ca000 	C:\WINDOWS\System32\windows.storage.dll
0x00007ffe8ce60000 - 0x00007ffe8ceac000 	C:\WINDOWS\System32\powrprof.dll
0x00007ffe90910000 - 0x00007ffe90962000 	C:\WINDOWS\System32\shlwapi.dll
0x00007ffe8ced0000 - 0x00007ffe8cedf000 	C:\WINDOWS\System32\kernel.appcore.dll
0x00007ffe8de10000 - 0x00007ffe8deb9000 	C:\WINDOWS\System32\shcore.dll
0x00007ffe8ceb0000 - 0x00007ffe8cec4000 	C:\WINDOWS\System32\profapi.dll
0x00007ffe83f10000 - 0x00007ffe840a2000 	C:\WINDOWS\SYSTEM32\dbghelp.dll

VM Arguments:
jvm_args: -Djava.awt.headless=true -Xmx1024M -Dfile.encoding=windows-1251 -Duser.country=RU -Duser.language=ru -Duser.variant 
java_command: com.android.dx.command.Main --dex --force-jumbo --num-threads=4 --multi-dex --output C:\Users\AlexWalker\Downloads\backendless-codegen\backendless-codegen\BackendlessQuery\app\build\intermediates\transforms\dex\debug\folders\1000\2\backendless_38e11a3f524ab5101d84d425843b88054f47aac4 C:\Users\AlexWalker\Downloads\backendless-codegen\backendless-codegen\BackendlessQuery\app\libs\backendless.jar
java_class_path (initial): D:\Users\AlexWalker\AppData\Local\Android\sdk\build-tools\24.0.0\lib\dx.jar
Launcher Type: SUN_STANDARD

Environment Variables:
PATH=C:\Python27\;C:\Python27\Scripts;C:\Program Files\Broadcom\Broadcom 802.11 Network Adapter\Driver;C:\ProgramData\Oracle\Java\javapath;C:\WINDOWS\system32;C:\WINDOWS;C:\WINDOWS\System32\Wbem;C:\WINDOWS\System32\WindowsPowerShell\v1.0\;C:\Program Files\Intel\WiFi\bin\;C:\Program Files\Common Files\Intel\WirelessCommon\;C:\Program Files\Common Files\Autodesk Shared\;C:\Program Files (x86)\Autodesk\Backburner\;C:\Program Files (x86)\Skype\Phone\;d:\Program Files\Git\cmd;C:\WINDOWS\system32\config\systemprofile\.dnx\bin;C:\Program Files\Microsoft DNX\Dnvm\;C:\Program Files\Microsoft SQL Server\130\Tools\Binn\;C:\Python27\;C:\Python27\Scripts;C:\Program Files\Broadcom\Broadcom 802.11 Network Adapter\Driver;C:\ProgramData\Oracle\Java\javapath;C:\WINDOWS\system32;C:\WINDOWS;C:\WINDOWS\System32\Wbem;C:\WINDOWS\System32\WindowsPowerShell\v1.0\;C:\Program Files\Intel\WiFi\bin\;C:\Program Files\Common Files\Intel\WirelessCommon\;C:\Program Files\Common Files\Autodesk Shared\;C:\Program Files (x86)\Autodesk\Backburner\;C:\Program Files (x86)\Skype\Phone\;d:\Program Files\Git\cmd;C:\WINDOWS\system32\config\systemprofile\.dnx\bin;C:\Program Files\Microsoft DNX\Dnvm\;C:\Program Files\Microsoft SQL Server\130\Tools\Binn\;C:\Python27;C:\Python27\Scripts;C:\Users\AlexWalker\AppData\Local\Microsoft\WindowsApps;
USERNAME=AlexWalker
OS=Windows_NT
PROCESSOR_IDENTIFIER=Intel64 Family 6 Model 42 Stepping 7, GenuineIntel



---------------  S Y S T E M  ---------------

OS: Windows 10.0 , 64 bit Build 14393 (10.0.14393.0)

CPU:total 8 (4 cores per cpu, 2 threads per core) family 6 model 42 stepping 7, cmov, cx8, fxsr, mmx, sse, sse2, sse3, ssse3, sse4.1, sse4.2, popcnt, avx, aes, clmul, ht, tsc, tscinvbit

Memory: 4k page, physical 6139756k(976304k free), swap 7843692k(1878336k free)

vm_info: Java HotSpot(TM) 64-Bit Server VM (25.91-b15) for windows-amd64 JRE (1.8.0_91-b15), built on May 20 2016 17:43:15 by "java_re" with MS VC++ 10.0 (VS2010)

time: Sat Oct 01 23:06:56 2016
elapsed time: 5 seconds (0d 0h 0m 5s)

